This is pdfTeX, Version 3.14159265-2.6-1.40.18 (TeX Live 2017) (preloaded format=pdflatex 2017.10.6)  15 NOV 2017 16:15
entering extended mode
 restricted \write18 enabled.
 file:line:error style messages enabled.
 %&-line parsing enabled.
**HW4_xuduo.tex
(./HW4_xuduo.tex
LaTeX2e <2017-04-15>
Babel <3.14> and hyphenation patterns for 84 language(s) loaded.
(/usr/local/texlive/2017/texmf-dist/tex/latex/base/article.cls
Document Class: article 2014/09/29 v1.4h Standard LaTeX document class
(/usr/local/texlive/2017/texmf-dist/tex/latex/base/size12.clo
File: size12.clo 2014/09/29 v1.4h Standard LaTeX file (size option)
)
\c@part=\count79
\c@section=\count80
\c@subsection=\count81
\c@subsubsection=\count82
\c@paragraph=\count83
\c@subparagraph=\count84
\c@figure=\count85
\c@table=\count86
\abovecaptionskip=\skip41
\belowcaptionskip=\skip42
\bibindent=\dimen102
) (./aaspp.sty
AAS preprint substyle, v3.0 <10 Jan 93>.
\@cprtype=\count87
\@slugcmmntwidth=\dimen103
\c@cureqno=\count88
\@temptokenb=\toks14
\pt@box=\box26
\pt@width=\dimen104
\pt@line=\count89
\pt@nlines=\count90
\pt@ncol=\count91
(/usr/local/texlive/2017/texmf-dist/tex/generic/epsf/epsf.sty
This is `epsf.tex' v2.7.4 <14 February 2011>
\epsffilein=\read1
\epsfframemargin=\dimen105
\epsfframethickness=\dimen106
\epsfrsize=\dimen107
\epsftmp=\dimen108
\epsftsize=\dimen109
\epsfxsize=\dimen110
\epsfysize=\dimen111
\pspoints=\dimen112
)
\lecurrentfam=\count92
) (./tighten.sty) (./hacks.sty)
(/usr/local/texlive/2017/texmf-dist/tex/latex/graphics/graphicx.sty
Package: graphicx 2017/06/01 v1.1a Enhanced LaTeX Graphics (DPC,SPQR)

(/usr/local/texlive/2017/texmf-dist/tex/latex/graphics/keyval.sty
Package: keyval 2014/10/28 v1.15 key=value parser (DPC)
\KV@toks@=\toks15
)
(/usr/local/texlive/2017/texmf-dist/tex/latex/graphics/graphics.sty
Package: graphics 2017/06/25 v1.2c Standard LaTeX Graphics (DPC,SPQR)

(/usr/local/texlive/2017/texmf-dist/tex/latex/graphics/trig.sty
Package: trig 2016/01/03 v1.10 sin cos tan (DPC)
)
(/usr/local/texlive/2017/texmf-dist/tex/latex/graphics-cfg/graphics.cfg
File: graphics.cfg 2016/06/04 v1.11 sample graphics configuration
)
Package graphics Info: Driver file: pdftex.def on input line 99.

(/usr/local/texlive/2017/texmf-dist/tex/latex/graphics-def/pdftex.def
File: pdftex.def 2017/06/24 v1.0g Graphics/color driver for pdftex
))
\Gin@req@height=\dimen113
\Gin@req@width=\dimen114
)
(/usr/local/texlive/2017/texmf-dist/tex/latex/tools/indentfirst.sty
Package: indentfirst 1995/11/23 v1.03 Indent first paragraph (DPC)
)
(/usr/local/texlive/2017/texmf-dist/tex/latex/tools/enumerate.sty
Package: enumerate 2015/07/23 v3.00 enumerate extensions (DPC)
\@enLab=\toks16
)
(/usr/local/texlive/2017/texmf-dist/tex/latex/amsmath/amsmath.sty
Package: amsmath 2017/09/02 v2.17a AMS math features
\@mathmargin=\skip43

For additional information on amsmath, use the `?' option.
(/usr/local/texlive/2017/texmf-dist/tex/latex/amsmath/amstext.sty
Package: amstext 2000/06/29 v2.01 AMS text

(/usr/local/texlive/2017/texmf-dist/tex/latex/amsmath/amsgen.sty
File: amsgen.sty 1999/11/30 v2.0 generic functions
\@emptytoks=\toks17
\ex@=\dimen115
))
(/usr/local/texlive/2017/texmf-dist/tex/latex/amsmath/amsbsy.sty
Package: amsbsy 1999/11/29 v1.2d Bold Symbols
\pmbraise@=\dimen116
)
(/usr/local/texlive/2017/texmf-dist/tex/latex/amsmath/amsopn.sty
Package: amsopn 2016/03/08 v2.02 operator names
)
\inf@bad=\count93
LaTeX Info: Redefining \frac on input line 213.
\uproot@=\count94
\leftroot@=\count95
LaTeX Info: Redefining \overline on input line 375.
\classnum@=\count96
\DOTSCASE@=\count97
LaTeX Info: Redefining \ldots on input line 472.
LaTeX Info: Redefining \dots on input line 475.
LaTeX Info: Redefining \cdots on input line 596.
\Mathstrutbox@=\box27
\strutbox@=\box28
\big@size=\dimen117
LaTeX Font Info:    Redeclaring font encoding OML on input line 712.
LaTeX Font Info:    Redeclaring font encoding OMS on input line 713.
\macc@depth=\count98
\c@MaxMatrixCols=\count99
\dotsspace@=\muskip10
\c@parentequation=\count100
\dspbrk@lvl=\count101
\tag@help=\toks18
\row@=\count102
\column@=\count103
\maxfields@=\count104
\andhelp@=\toks19
\eqnshift@=\dimen118
\alignsep@=\dimen119
\tagshift@=\dimen120
\tagwidth@=\dimen121
\totwidth@=\dimen122
\lineht@=\dimen123
\@envbody=\toks20
\multlinegap=\skip44
\multlinetaggap=\skip45
\mathdisplay@stack=\toks21
LaTeX Info: Redefining \[ on input line 2817.
LaTeX Info: Redefining \] on input line 2818.
)
(/usr/local/texlive/2017/texmf-dist/tex/latex/natbib/natbib.sty
Package: natbib 2010/09/13 8.31b (PWD, AO)
\bibhang=\skip46
\bibsep=\skip47
LaTeX Info: Redefining \cite on input line 694.
\c@NAT@ctr=\count105
)
(./HW4_xuduo.aux)
\openout1 = `HW4_xuduo.aux'.

LaTeX Font Info:    Checking defaults for OML/cmm/m/it on input line 14.
LaTeX Font Info:    ... okay on input line 14.
LaTeX Font Info:    Checking defaults for T1/cmr/m/n on input line 14.
LaTeX Font Info:    ... okay on input line 14.
LaTeX Font Info:    Checking defaults for OT1/cmr/m/n on input line 14.
LaTeX Font Info:    ... okay on input line 14.
LaTeX Font Info:    Checking defaults for OMS/cmsy/m/n on input line 14.
LaTeX Font Info:    ... okay on input line 14.
LaTeX Font Info:    Checking defaults for OMX/cmex/m/n on input line 14.
LaTeX Font Info:    ... okay on input line 14.
LaTeX Font Info:    Checking defaults for U/cmr/m/n on input line 14.
LaTeX Font Info:    ... okay on input line 14.

(/usr/local/texlive/2017/texmf-dist/tex/context/base/mkii/supp-pdf.mkii
[Loading MPS to PDF converter (version 2006.09.02).]
\scratchcounter=\count106
\scratchdimen=\dimen124
\scratchbox=\box29
\nofMPsegments=\count107
\nofMParguments=\count108
\everyMPshowfont=\toks22
\MPscratchCnt=\count109
\MPscratchDim=\dimen125
\MPnumerator=\count110
\makeMPintoPDFobject=\count111
\everyMPtoPDFconversion=\toks23
) (/usr/local/texlive/2017/texmf-dist/tex/latex/oberdiek/epstopdf-base.sty
Package: epstopdf-base 2016/05/15 v2.6 Base part for package epstopdf

(/usr/local/texlive/2017/texmf-dist/tex/generic/oberdiek/infwarerr.sty
Package: infwarerr 2016/05/16 v1.4 Providing info/warning/error messages (HO)
)
(/usr/local/texlive/2017/texmf-dist/tex/latex/oberdiek/grfext.sty
Package: grfext 2016/05/16 v1.2 Manage graphics extensions (HO)

(/usr/local/texlive/2017/texmf-dist/tex/generic/oberdiek/kvdefinekeys.sty
Package: kvdefinekeys 2016/05/16 v1.4 Define keys (HO)

(/usr/local/texlive/2017/texmf-dist/tex/generic/oberdiek/ltxcmds.sty
Package: ltxcmds 2016/05/16 v1.23 LaTeX kernel commands for general use (HO)
)))
(/usr/local/texlive/2017/texmf-dist/tex/latex/oberdiek/kvoptions.sty
Package: kvoptions 2016/05/16 v3.12 Key value format for package options (HO)

(/usr/local/texlive/2017/texmf-dist/tex/generic/oberdiek/kvsetkeys.sty
Package: kvsetkeys 2016/05/16 v1.17 Key value parser (HO)

(/usr/local/texlive/2017/texmf-dist/tex/generic/oberdiek/etexcmds.sty
Package: etexcmds 2016/05/16 v1.6 Avoid name clashes with e-TeX commands (HO)

(/usr/local/texlive/2017/texmf-dist/tex/generic/oberdiek/ifluatex.sty
Package: ifluatex 2016/05/16 v1.4 Provides the ifluatex switch (HO)
Package ifluatex Info: LuaTeX not detected.
)
Package etexcmds Info: Could not find \expanded.
(etexcmds)             That can mean that you are not using pdfTeX 1.50 or
(etexcmds)             that some package has redefined \expanded.
(etexcmds)             In the latter case, load this package earlier.
)))
(/usr/local/texlive/2017/texmf-dist/tex/generic/oberdiek/pdftexcmds.sty
Package: pdftexcmds 2017/03/19 v0.25 Utility functions of pdfTeX for LuaTeX (HO
)

(/usr/local/texlive/2017/texmf-dist/tex/generic/oberdiek/ifpdf.sty
Package: ifpdf 2017/03/15 v3.2 Provides the ifpdf switch
)
Package pdftexcmds Info: LuaTeX not detected.
Package pdftexcmds Info: \pdf@primitive is available.
Package pdftexcmds Info: \pdf@ifprimitive is available.
Package pdftexcmds Info: \pdfdraftmode found.
)
Package epstopdf-base Info: Redefining graphics rule for `.eps' on input line 4
38.
Package grfext Info: Graphics extension search list:
(grfext)             [.pdf,.png,.jpg,.mps,.jpeg,.jbig2,.jb2,.PDF,.PNG,.JPG,.JPE
G,.JBIG2,.JB2,.eps]
(grfext)             \AppendGraphicsExtensions on input line 456.

(/usr/local/texlive/2017/texmf-dist/tex/latex/latexconfig/epstopdf-sys.cfg
File: epstopdf-sys.cfg 2010/07/13 v1.3 Configuration of (r)epstopdf for TeX Liv
e
))
[1

{/usr/local/texlive/2017/texmf-var/fonts/map/pdftex/updmap/pdftex.map}]
<msini_1d.pdf, id=14, pagebox=cropbox, 446.43788pt x 345.20793pt>
File: msini_1d.pdf Graphic file (type pdf)
<use msini_1d.pdf>
Package pdftex.def Info: msini_1d.pdf  used on input line 98. on input line 98.

Package pdftex.def Info: Requested size: 230.18251pt x 177.99213pt on input lin
e 98.
<T_1d.pdf, id=15, pagebox=cropbox, 446.43788pt x 345.20793pt>
File: T_1d.pdf Graphic file (type pdf)
<use T_1d.pdf>
Package pdftex.def Info: T_1d.pdf  used on input line 99. on input line 99.
Package pdftex.def Info: Requested size: 230.18251pt x 177.99213pt on input lin
e 99.
<T0_1d.pdf, id=16, pagebox=cropbox, 446.43788pt x 345.20793pt>
File: T0_1d.pdf Graphic file (type pdf)
<use T0_1d.pdf>
Package pdftex.def Info: T0_1d.pdf  used on input line 100. on input line 100.
Package pdftex.def Info: Requested size: 230.18251pt x 177.99213pt on input lin
e 100.
<msini_T_2dhist.pdf, id=17, pagebox=cropbox, 453.85947pt x 331.75142pt>
File: msini_T_2dhist.pdf Graphic file (type pdf)
<use msini_T_2dhist.pdf>
Package pdftex.def Info: msini_T_2dhist.pdf  used on input line 111. on input l
ine 111.
Package pdftex.def Info: Requested size: 230.18251pt x 168.25449pt on input lin
e 111.
<msini_T0_2dhist.pdf, id=18, pagebox=cropbox, 428.9696pt x 322.34126pt>
File: msini_T0_2dhist.pdf Graphic file (type pdf)
<use msini_T0_2dhist.pdf>
Package pdftex.def Info: msini_T0_2dhist.pdf  used on input line 112. on input 
line 112.
Package pdftex.def Info: Requested size: 230.18251pt x 172.96977pt on input lin
e 112.
<T_T0_2dhist.pdf, id=19, pagebox=cropbox, 437.90926pt x 322.34126pt>
File: T_T0_2dhist.pdf Graphic file (type pdf)
<use T_T0_2dhist.pdf>
Package pdftex.def Info: T_T0_2dhist.pdf  used on input line 113. on input line
 113.
Package pdftex.def Info: Requested size: 230.18251pt x 169.43335pt on input lin
e 113.

[2] [3 <./msini_1d.pdf> <./T_1d.pdf

pdfTeX warning: /Library/TeX/texbin/pdflatex (file ./T_1d.pdf): PDF inclusion: 
multiple pdfs with page group included in a single page
> <./T0_1d.pdf

pdfTeX warning: /Library/TeX/texbin/pdflatex (file ./T0_1d.pdf): PDF inclusion:
 multiple pdfs with page group included in a single page
>] [4 <./msini_T_2dhist.pdf> <./msini_T0_2dhist.pdf

pdfTeX warning: /Library/TeX/texbin/pdflatex (file ./msini_T0_2dhist.pdf): PDF 
inclusion: multiple pdfs with page group included in a single page
> <./T_T0_2dhist.pdf

pdfTeX warning: /Library/TeX/texbin/pdflatex (file ./T_T0_2dhist.pdf): PDF incl
usion: multiple pdfs with page group included in a single page
>]
<RV_phase.pdf, id=170, pagebox=cropbox, 440.7761pt x 326.23079pt>
File: RV_phase.pdf Graphic file (type pdf)
<use RV_phase.pdf>
Package pdftex.def Info: RV_phase.pdf  used on input line 128. on input line 12
8.
Package pdftex.def Info: Requested size: 465.06001pt x 344.22002pt on input lin
e 128.
<fitplot.pdf, id=171, pagebox=cropbox, 440.7761pt x 326.23079pt>
File: fitplot.pdf Graphic file (type pdf)
<use fitplot.pdf>
Package pdftex.def Info: fitplot.pdf  used on input line 135. on input line 135
.
Package pdftex.def Info: Requested size: 465.06001pt x 344.22002pt on input lin
e 135.
<corner_1.pdf, id=172, pagebox=cropbox, 541.94658pt x 553.33539pt>
File: corner_1.pdf Graphic file (type pdf)
<use corner_1.pdf>
Package pdftex.def Info: corner_1.pdf  used on input line 144. on input line 14
4.
Package pdftex.def Info: Requested size: 465.06001pt x 474.83752pt on input lin
e 144.
 [5 <./RV_phase.pdf>] [6 <./fitplot.pdf>] [7 <./corner_1.pdf>]
(./HW4_xuduo.aux) ) 
Here is how much of TeX's memory you used:
 2739 strings out of 492990
 36030 string characters out of 6132636
 101705 words of memory out of 5000000
 6260 multiletter control sequences out of 15000+600000
 7962 words of font info for 29 fonts, out of 8000000 for 9000
 1141 hyphenation exceptions out of 8191
 41i,10n,25p,661b,223s stack positions out of 5000i,500n,10000p,200000b,80000s
</usr/local/texlive/2017/texmf-dist/fonts/type1/public/amsfo
nts/cm/cmbx12.pfb></usr/local/texlive/2017/texmf-dist/fonts/type1/public/amsfon
ts/cm/cmex10.pfb></usr/local/texlive/2017/texmf-dist/fonts/type1/public/amsfont
s/cm/cmmi12.pfb></usr/local/texlive/2017/texmf-dist/fonts/type1/public/amsfonts
/cm/cmmi8.pfb></usr/local/texlive/2017/texmf-dist/fonts/type1/public/amsfonts/c
m/cmr12.pfb></usr/local/texlive/2017/texmf-dist/fonts/type1/public/amsfonts/cm/
cmr8.pfb></usr/local/texlive/2017/texmf-dist/fonts/type1/public/amsfonts/cm/cms
y10.pfb></usr/local/texlive/2017/texmf-dist/fonts/type1/public/amsfonts/cm/cmsy
8.pfb>
Output written on HW4_xuduo.pdf (7 pages, 258243 bytes).
PDF statistics:
 325 PDF objects out of 1000 (max. 8388607)
 108 compressed objects within 2 object streams
 0 named destinations out of 1000 (max. 500000)
 46 words of extra memory for PDF output out of 10000 (max. 10000000)

